<?xml version="1.0" encoding="utf-8"?><testsuites name="pytest tests"><testsuite name="pytest" errors="0" failures="0" skipped="0" tests="15" time="40.482" timestamp="2026-05-11T00:11:54.479353+00:00" hostname="agent-env-25f80c4a-2b80-4e5e-9e30-7a2600895a03"><testcase classname="backend.tests.test_iteration2.TestOnboardHealth" name="test_onboard_with_mi_band_and_health_info" time="0.532" /><testcase classname="backend.tests.test_iteration2.TestProfilePatch" name="test_patch_profile_updates_fields" time="0.426" /><testcase classname="backend.tests.test_iteration2.TestPremium" name="test_premium_status_default_free" time="0.328" /><testcase classname="backend.tests.test_iteration2.TestPremium" name="test_start_trial_then_block_second_call" time="0.375" /><testcase classname="backend.tests.test_iteration2.TestPremium" name="test_redeem_healthy_case_insensitive" time="0.377" /><testcase classname="backend.tests.test_iteration2.TestPremium" name="test_redeem_invalid_code_400" time="0.326" /><testcase classname="backend.tests.test_iteration2.TestMetricsNewFields" name="test_today_has_body_battery_and_stress_stats" time="0.327" /><testcase classname="backend.tests.test_iteration2.TestMetricsNewFields" name="test_history_free_capped_30" time="0.328" /><testcase classname="backend.tests.test_iteration2.TestMetricsNewFields" name="test_history_premium_allows_more" time="0.399" /><testcase classname="backend.tests.test_iteration2.TestTipsFreeVsPremium" name="test_free_tip_short_premium_false" time="0.339" /><testcase classname="backend.tests.test_iteration2.TestTipsFreeVsPremium" name="test_premium_tip_long_and_premium_true" time="10.231" /><testcase classname="backend.tests.test_iteration2.TestNutrition" name="test_analyze_returns_macros" time="5.873" /><testcase classname="backend.tests.test_iteration2.TestNutrition" name="test_today_aggregates" time="4.005" /><testcase classname="backend.tests.test_iteration2.TestNutrition" name="test_delete_food" time="4.117" /><testcase classname="backend.tests.test_iteration2.TestNutrition" name="test_free_tier_4th_returns_402" time="12.399" /></testsuite></testsuites>