<?xml version="1.0" encoding="utf-8"?><testsuites name="pytest tests"><testsuite name="pytest" errors="0" failures="0" skipped="0" tests="24" time="22.629" timestamp="2026-05-10T23:47:30.588822+00:00" hostname="agent-env-25f80c4a-2b80-4e5e-9e30-7a2600895a03"><testcase classname="backend.tests.test_pulse_api" name="test_root" time="0.251" /><testcase classname="backend.tests.test_pulse_api.TestAuth" name="test_register_creates_user_and_token" time="0.285" /><testcase classname="backend.tests.test_pulse_api.TestAuth" name="test_register_duplicate_rejected" time="0.051" /><testcase classname="backend.tests.test_pulse_api.TestAuth" name="test_login_success" time="0.277" /><testcase classname="backend.tests.test_pulse_api.TestAuth" name="test_login_wrong_password" time="0.499" /><testcase classname="backend.tests.test_pulse_api.TestAuth" name="test_me_with_token" time="0.058" /><testcase classname="backend.tests.test_pulse_api.TestAuth" name="test_me_without_token_401" time="0.158" /><testcase classname="backend.tests.test_pulse_api.TestAuth" name="test_me_with_bad_token_401" time="0.113" /><testcase classname="backend.tests.test_pulse_api.TestOnboard" name="test_onboard_sets_devices_and_flag" time="0.108" /><testcase classname="backend.tests.test_pulse_api.TestOnboard" name="test_onboard_requires_auth" time="0.155" /><testcase classname="backend.tests.test_pulse_api.TestMetrics" name="test_metrics_today_has_full_payload" time="0.050" /><testcase classname="backend.tests.test_pulse_api.TestMetrics" name="test_metrics_today_requires_auth" time="0.122" /><testcase classname="backend.tests.test_pulse_api.TestMetrics" name="test_metrics_history_ranges[7]" time="0.051" /><testcase classname="backend.tests.test_pulse_api.TestMetrics" name="test_metrics_history_ranges[14]" time="0.052" /><testcase classname="backend.tests.test_pulse_api.TestMetrics" name="test_metrics_history_ranges[30]" time="0.052" /><testcase classname="backend.tests.test_pulse_api.TestTips" name="test_generate_tip_each_focus[general]" time="4.710" /><testcase classname="backend.tests.test_pulse_api.TestTips" name="test_generate_tip_each_focus[recovery]" time="3.371" /><testcase classname="backend.tests.test_pulse_api.TestTips" name="test_generate_tip_each_focus[sleep]" time="4.288" /><testcase classname="backend.tests.test_pulse_api.TestTips" name="test_generate_tip_each_focus[strain]" time="3.700" /><testcase classname="backend.tests.test_pulse_api.TestTips" name="test_generate_tip_each_focus[stress]" time="3.304" /><testcase classname="backend.tests.test_pulse_api.TestTips" name="test_list_tips_after_generation" time="0.057" /><testcase classname="backend.tests.test_pulse_api.TestTips" name="test_tips_endpoints_require_auth" time="0.359" /><testcase classname="backend.tests.test_pulse_api.TestDemoAccount" name="test_demo_login_works" time="0.279" /><testcase classname="backend.tests.test_pulse_api.TestDemoAccount" name="test_demo_metrics_today" time="0.057" /></testsuite></testsuites>